<?xml version="1.0" encoding="UTF-8" ?>
<testsuite tests="1" failures="1" name="com.redhat.training.CommandConfigurationRouteBuilderTest" time="2.99" errors="0" skipped="0">
  <properties>
[...]
</properties>
  <testcase classname="com.redhat.training.CommandConfigurationRouteBuilderTest" name="testRoute" time="2.99">
    <failure message="expected:&lt;200&gt; but was:&lt;null&gt;" type="java.lang.AssertionError">java.lang.AssertionError: expected:&lt;200&gt; but was:&lt;null&gt;
	at org.junit.Assert.fail(Assert.java:89)
	at org.junit.Assert.failNotEquals(Assert.java:835)
	at org.junit.Assert.assertEquals(Assert.java:120)
	at org.junit.Assert.assertEquals(Assert.java:146)
	at com.redhat.training.CommandConfigurationRouteBuilderTest.testRoute(CommandConfigurationRouteBuilderTest.java:42)
	at java.base/jdk.internal.reflect.NativeMethodAccessorImpl.invoke0(Native Method)
	at java.base/jdk.internal.reflect.NativeMethodAccessorImpl.invoke(NativeMethodAccessorImpl.java:62)
	at java.base/jdk.internal.reflect.DelegatingMethodAccessorImpl.invoke(DelegatingMethodAccessorImpl.java:43)
	at java.base/java.lang.reflect.Method.invoke(Method.java:566)
	at org.junit.runners.model.FrameworkMethod$1.runReflectiveCall(FrameworkMethod.java:59)
	at org.junit.internal.runners.model.ReflectiveCallable.run(ReflectiveCallable.java:12)
	at org.junit.runners.model.FrameworkMethod.invokeExplosively(FrameworkMethod.java:56)
	at org.junit.internal.runners.statements.InvokeMethod.evaluate(InvokeMethod.java:17)
	at org.springframework.test.context.junit4.statements.RunBeforeTestExecutionCallbacks.evaluate(RunBeforeTestExecutionCallbacks.java:74)
	at org.springframework.test.context.junit4.statements.RunAfterTestExecutionCallbacks.evaluate(RunAfterTestExecutionCallbacks.java:84)
	at org.springframework.test.context.junit4.statements.RunBeforeTestMethodCallbacks.evaluate(RunBeforeTestMethodCallbacks.java:75)
	at org.springframework.test.context.junit4.statements.RunAfterTestMethodCallbacks.evaluate(RunAfterTestMethodCallbacks.java:86)
	at org.springframework.test.context.junit4.statements.SpringRepeat.evaluate(SpringRepeat.java:84)
	at org.junit.runners.ParentRunner.runLeaf(ParentRunner.java:366)
	at org.springframework.test.context.junit4.SpringJUnit4ClassRunner.runChild(SpringJUnit4ClassRunner.java:251)
	at org.springframework.test.context.junit4.SpringJUnit4ClassRunner.runChild(SpringJUnit4ClassRunner.java:97)
	at org.junit.runners.ParentRunner$4.run(ParentRunner.java:331)
	at org.junit.runners.ParentRunner$1.schedule(ParentRunner.java:79)
	at org.junit.runners.ParentRunner.runChildren(ParentRunner.java:329)
	at org.junit.runners.ParentRunner.access$100(ParentRunner.java:66)
	at org.junit.runners.ParentRunner$2.evaluate(ParentRunner.java:293)
	at org.springframework.test.context.junit4.statements.RunBeforeTestClassCallbacks.evaluate(RunBeforeTestClassCallbacks.java:61)
	at org.springframework.test.context.junit4.statements.RunAfterTestClassCallbacks.evaluate(RunAfterTestClassCallbacks.java:70)
	at org.junit.runners.ParentRunner$3.evaluate(ParentRunner.java:306)
	at org.junit.runners.ParentRunner.run(ParentRunner.java:413)
	at org.springframework.test.context.junit4.SpringJUnit4ClassRunner.run(SpringJUnit4ClassRunner.java:190)
	at org.apache.maven.surefire.junit4.JUnit4Provider.execute(JUnit4Provider.java:252)
	at org.apache.maven.surefire.junit4.JUnit4Provider.executeTestSet(JUnit4Provider.java:141)
	at org.apache.maven.surefire.junit4.JUnit4Provider.invoke(JUnit4Provider.java:112)
	at java.base/jdk.internal.reflect.NativeMethodAccessorImpl.invoke0(Native Method)
	at java.base/jdk.internal.reflect.NativeMethodAccessorImpl.invoke(NativeMethodAccessorImpl.java:62)
	at java.base/jdk.internal.reflect.DelegatingMethodAccessorImpl.invoke(DelegatingMethodAccessorImpl.java:43)
	at java.base/java.lang.reflect.Method.invoke(Method.java:566)
	at org.apache.maven.surefire.util.ReflectionUtils.invokeMethodWithArray(ReflectionUtils.java:189)
	at org.apache.maven.surefire.booter.ProviderFactory$ProviderProxy.invoke(ProviderFactory.java:165)
	at org.apache.maven.surefire.booter.ProviderFactory.invokeProvider(ProviderFactory.java:85)
	at org.apache.maven.surefire.booter.ForkedBooter.runSuitesInProcess(ForkedBooter.java:115)
	at org.apache.maven.surefire.booter.ForkedBooter.main(ForkedBooter.java:75)
</failure>
    <system-out>13:17:56.424 [main] DEBUG org.springframework.test.context.junit4.SpringJUnit4ClassRunner - SpringJUnit4ClassRunner constructor called with [class com.redhat.training.CommandConfigurationRouteBuilderTest]
13:17:56.432 [main] DEBUG org.springframework.test.context.BootstrapUtils - Instantiating CacheAwareContextLoaderDelegate from class [org.springframework.test.context.cache.DefaultCacheAwareContextLoaderDelegate]
13:17:56.438 [main] DEBUG org.springframework.test.context.BootstrapUtils - Instantiating BootstrapContext using constructor [public org.springframework.test.context.support.DefaultBootstrapContext(java.lang.Class,org.springframework.test.context.CacheAwareContextLoaderDelegate)]
13:17:56.498 [main] DEBUG org.springframework.test.context.BootstrapUtils - Instantiating TestContextBootstrapper for test class [com.redhat.training.CommandConfigurationRouteBuilderTest] from class [org.springframework.boot.test.context.SpringBootTestContextBootstrapper]
13:17:56.518 [main] INFO org.springframework.boot.test.context.SpringBootTestContextBootstrapper - Neither @ContextConfiguration nor @ContextHierarchy found for test class [com.redhat.training.CommandConfigurationRouteBuilderTest], using SpringBootContextLoader
13:17:56.521 [main] DEBUG org.springframework.test.context.support.AbstractContextLoader - Did not detect default resource location for test class [com.redhat.training.CommandConfigurationRouteBuilderTest]: class path resource [com/redhat/training/CommandConfigurationRouteBuilderTest-context.xml] does not exist
13:17:56.522 [main] DEBUG org.springframework.test.context.support.AbstractContextLoader - Did not detect default resource location for test class [com.redhat.training.CommandConfigurationRouteBuilderTest]: class path resource [com/redhat/training/CommandConfigurationRouteBuilderTestContext.groovy] does not exist
13:17:56.522 [main] INFO org.springframework.test.context.support.AbstractContextLoader - Could not detect default resource locations for test class [com.redhat.training.CommandConfigurationRouteBuilderTest]: no resource found for suffixes {-context.xml, Context.groovy}.
13:17:56.523 [main] INFO org.springframework.test.context.support.AnnotationConfigContextLoaderUtils - Could not detect default configuration classes for test class [com.redhat.training.CommandConfigurationRouteBuilderTest]: CommandConfigurationRouteBuilderTest does not declare any static, non-private, non-final, nested classes annotated with @Configuration.
13:17:56.594 [main] DEBUG org.springframework.test.context.support.ActiveProfilesUtils - Could not find an &apos;annotation declaring class&apos; for annotation type [org.springframework.test.context.ActiveProfiles] and class [com.redhat.training.CommandConfigurationRouteBuilderTest]
13:17:56.711 [main] DEBUG org.springframework.context.annotation.ClassPathScanningCandidateComponentProvider - Identified candidate component class: file [/home/student/AD221/pattern-converter/command-router/target/classes/com/redhat/training/Application.class]
13:17:56.711 [main] INFO org.springframework.boot.test.context.SpringBootTestContextBootstrapper - Found @SpringBootConfiguration com.redhat.training.Application for test class com.redhat.training.CommandConfigurationRouteBuilderTest
13:17:56.844 [main] DEBUG org.springframework.boot.test.context.SpringBootTestContextBootstrapper - @TestExecutionListeners is not present for class [com.redhat.training.CommandConfigurationRouteBuilderTest]: using defaults.
13:17:56.845 [main] INFO org.springframework.boot.test.context.SpringBootTestContextBootstrapper - Loaded default TestExecutionListener class names from location [META-INF/spring.factories]: [org.springframework.boot.test.mock.mockito.MockitoTestExecutionListener, org.springframework.boot.test.mock.mockito.ResetMocksTestExecutionListener, org.springframework.boot.test.autoconfigure.restdocs.RestDocsTestExecutionListener, org.springframework.boot.test.autoconfigure.web.client.MockRestServiceServerResetTestExecutionListener, org.springframework.boot.test.autoconfigure.web.servlet.MockMvcPrintOnlyOnFailureTestExecutionListener, org.springframework.boot.test.autoconfigure.web.servlet.WebDriverTestExecutionListener, org.springframework.boot.test.autoconfigure.webservices.client.MockWebServiceServerTestExecutionListener, org.springframework.test.context.web.ServletTestExecutionListener, org.springframework.test.context.support.DirtiesContextBeforeModesTestExecutionListener, org.springframework.test.context.support.DependencyInjectionTestExecutionListener, org.springframework.test.context.support.DirtiesContextTestExecutionListener, org.springframework.test.context.transaction.TransactionalTestExecutionListener, org.springframework.test.context.jdbc.SqlScriptsTestExecutionListener, org.springframework.test.context.event.EventPublishingTestExecutionListener]
13:17:56.858 [main] INFO org.springframework.boot.test.context.SpringBootTestContextBootstrapper - Using TestExecutionListeners: [org.springframework.test.context.web.ServletTestExecutionListener@76b1e9b8, org.springframework.test.context.support.DirtiesContextBeforeModesTestExecutionListener@27406a17, org.springframework.boot.test.mock.mockito.MockitoTestExecutionListener@2af004b, org.springframework.boot.test.autoconfigure.SpringBootDependencyInjectionTestExecutionListener@248e319b, org.springframework.test.context.support.DirtiesContextTestExecutionListener@5d0bf09b, org.springframework.test.context.transaction.TransactionalTestExecutionListener@793f29ff, org.springframework.test.context.jdbc.SqlScriptsTestExecutionListener@3e8c3cb, org.springframework.test.context.event.EventPublishingTestExecutionListener@563f38c4, org.springframework.boot.test.mock.mockito.ResetMocksTestExecutionListener@543295b0, org.springframework.boot.test.autoconfigure.restdocs.RestDocsTestExecutionListener@54422e18, org.springframework.boot.test.autoconfigure.web.client.MockRestServiceServerResetTestExecutionListener@117159c0, org.springframework.boot.test.autoconfigure.web.servlet.MockMvcPrintOnlyOnFailureTestExecutionListener@3e27ba32, org.springframework.boot.test.autoconfigure.web.servlet.WebDriverTestExecutionListener@7ef82753, org.springframework.boot.test.autoconfigure.webservices.client.MockWebServiceServerTestExecutionListener@3b0fe47a]
13:17:56.862 [main] DEBUG org.springframework.test.annotation.ProfileValueUtils - Retrieved @ProfileValueSourceConfiguration [null] for test class [com.redhat.training.CommandConfigurationRouteBuilderTest]
13:17:56.863 [main] DEBUG org.springframework.test.annotation.ProfileValueUtils - Retrieved ProfileValueSource type [class org.springframework.test.annotation.SystemProfileValueSource] for class [com.redhat.training.CommandConfigurationRouteBuilderTest]
13:17:56.864 [main] DEBUG org.springframework.test.annotation.ProfileValueUtils - Retrieved @ProfileValueSourceConfiguration [null] for test class [com.redhat.training.CommandConfigurationRouteBuilderTest]
13:17:56.864 [main] DEBUG org.springframework.test.annotation.ProfileValueUtils - Retrieved ProfileValueSource type [class org.springframework.test.annotation.SystemProfileValueSource] for class [com.redhat.training.CommandConfigurationRouteBuilderTest]
13:17:56.865 [main] DEBUG org.springframework.test.annotation.ProfileValueUtils - Retrieved @ProfileValueSourceConfiguration [null] for test class [com.redhat.training.CommandConfigurationRouteBuilderTest]
13:17:56.865 [main] DEBUG org.springframework.test.annotation.ProfileValueUtils - Retrieved ProfileValueSource type [class org.springframework.test.annotation.SystemProfileValueSource] for class [com.redhat.training.CommandConfigurationRouteBuilderTest]
13:17:56.865 [main] DEBUG org.springframework.test.annotation.ProfileValueUtils - Retrieved @ProfileValueSourceConfiguration [null] for test class [com.redhat.training.CommandConfigurationRouteBuilderTest]
13:17:56.865 [main] DEBUG org.springframework.test.annotation.ProfileValueUtils - Retrieved ProfileValueSource type [class org.springframework.test.annotation.SystemProfileValueSource] for class [com.redhat.training.CommandConfigurationRouteBuilderTest]
13:17:56.871 [main] DEBUG org.springframework.test.context.support.AbstractDirtiesContextTestExecutionListener - Before test class: context [DefaultTestContext@1caa0244 testClass = CommandConfigurationRouteBuilderTest, testInstance = [null], testMethod = [null], testException = [null], mergedContextConfiguration = [WebMergedContextConfiguration@7ce026d3 testClass = CommandConfigurationRouteBuilderTest, locations = &apos;{}&apos;, classes = &apos;{class com.redhat.training.Application}&apos;, contextInitializerClasses = &apos;[]&apos;, activeProfiles = &apos;{}&apos;, propertySourceLocations = &apos;{}&apos;, propertySourceProperties = &apos;{org.springframework.boot.test.context.SpringBootTestContextBootstrapper=true}&apos;, contextCustomizers = set[org.springframework.boot.test.context.filter.ExcludeFilterContextCustomizer@7a4ccb53, org.springframework.boot.test.json.DuplicateJsonObjectContextCustomizerFactory$DuplicateJsonObjectContextCustomizer@18ce0030, org.springframework.boot.test.mock.mockito.MockitoContextCustomizer@0, org.springframework.boot.test.web.client.TestRestTemplateContextCustomizer@1677d1, org.springframework.boot.test.autoconfigure.properties.PropertyMappingContextCustomizer@0, org.springframework.boot.test.autoconfigure.web.servlet.WebDriverContextCustomizerFactory$Customizer@3c22fc4c, org.springframework.boot.test.context.SpringBootTestArgs@1, org.springframework.boot.test.context.SpringBootTestWebEnvironment@1e67a849], resourceBasePath = &apos;src/main/webapp&apos;, contextLoader = &apos;org.springframework.boot.test.context.SpringBootContextLoader&apos;, parent = [null]], attributes = map[&apos;org.springframework.test.context.web.ServletTestExecutionListener.activateListener&apos; -&gt; true]], class annotated with @DirtiesContext [false] with mode [null].
13:17:56.872 [main] DEBUG org.springframework.test.annotation.ProfileValueUtils - Retrieved @ProfileValueSourceConfiguration [null] for test class [com.redhat.training.CommandConfigurationRouteBuilderTest]
13:17:56.872 [main] DEBUG org.springframework.test.annotation.ProfileValueUtils - Retrieved ProfileValueSource type [class org.springframework.test.annotation.SystemProfileValueSource] for class [com.redhat.training.CommandConfigurationRouteBuilderTest]
13:17:56.873 [main] INFO org.apache.camel.test.spring.CamelSpringBootExecutionListener - @RunWith(CamelSpringBootRunner.class) preparing: class com.redhat.training.CommandConfigurationRouteBuilderTest
13:17:56.980 [main] DEBUG org.springframework.test.context.support.TestPropertySourceUtils - Adding inlined properties to environment: {spring.jmx.enabled=false, org.springframework.boot.test.context.SpringBootTestContextBootstrapper=true}

  .   ____          _            __ _ _
 /\\ / ___&apos;_ __ _ _(_)_ __  __ _ \ \ \ \
( ( )\___ | &apos;_ | &apos;_| | &apos;_ \/ _` | \ \ \ \
 \\/  ___)| |_)| | | | | || (_| |  ) ) ) )
  &apos;  |____| .__|_| |_|_| |_\__, | / / / /
 =========|_|==============|___/=/_/_/_/
 :: Spring Boot ::       (v2.3.12.RELEASE)

2022-08-13 13:17:57.441  INFO 12281 --- [           main] r.t.CommandConfigurationRouteBuilderTest : Starting CommandConfigurationRouteBuilderTest on workstation.lab.example.com with PID 12281 (started by student in /home/student/AD221/pattern-converter/command-router)
2022-08-13 13:17:57.443  INFO 12281 --- [           main] r.t.CommandConfigurationRouteBuilderTest : No active profile set, falling back to default profiles: default
2022-08-13 13:17:58.957  INFO 12281 --- [           main] trationDelegate$BeanPostProcessorChecker : Bean &apos;org.apache.camel.spring.boot.CamelAutoConfiguration&apos; of type [org.apache.camel.spring.boot.CamelAutoConfiguration$$EnhancerBySpringCGLIB$$427131a6] is not eligible for getting processed by all BeanPostProcessors (for example: not eligible for auto-proxying)
2022-08-13 13:17:59.517  INFO 12281 --- [           main] o.s.s.concurrent.ThreadPoolTaskExecutor  : Initializing ExecutorService &apos;applicationTaskExecutor&apos;
2022-08-13 13:17:59.859  INFO 12281 --- [           main] o.a.c.i.converter.DefaultTypeConverter   : Type converters loaded (core: 195, classpath: 12)
2022-08-13 13:18:00.418  INFO 12281 --- [           main] o.s.b.a.e.web.EndpointLinksResolver      : Exposing 2 endpoint(s) beneath base path &apos;/actuator&apos;
2022-08-13 13:18:00.535  INFO 12281 --- [           main] o.a.camel.spring.boot.RoutesCollector    : Loading additional Camel XML routes from: classpath:camel/*.xml
2022-08-13 13:18:00.536  INFO 12281 --- [           main] o.a.camel.spring.boot.RoutesCollector    : Loading additional Camel XML rests from: classpath:camel-rest/*.xml
2022-08-13 13:18:00.556  INFO 12281 --- [           main] r.t.CommandConfigurationRouteBuilderTest : Started CommandConfigurationRouteBuilderTest in 3.568 seconds (JVM running for 4.741)
2022-08-13 13:18:00.560  INFO 12281 --- [           main] o.a.c.t.spring.CamelAnnotationsHandler   : Setting shutdown timeout to [10 SECONDS] on CamelContext with name [camelContext].
2022-08-13 13:18:00.580  INFO 12281 --- [           main] a.c.t.s.CamelSpringBootExecutionListener : @RunWith(CamelSpringBootRunner.class) before: class com.redhat.training.CommandConfigurationRouteBuilderTest.testRoute
2022-08-13 13:18:00.581  INFO 12281 --- [           main] a.c.t.s.CamelSpringBootExecutionListener : Initialized CamelSpringBootRunner now ready to start CamelContext
2022-08-13 13:18:00.581  INFO 12281 --- [           main] o.a.c.t.spring.CamelAnnotationsHandler   : Starting CamelContext with name [camelContext].
2022-08-13 13:18:00.582  INFO 12281 --- [           main] o.a.camel.spring.SpringCamelContext      : Apache Camel 2.23.2.fuse-7_10_0-00020-redhat-00001 (CamelContext: camel-1) is starting
2022-08-13 13:18:00.583  INFO 12281 --- [           main] o.a.c.m.ManagedManagementStrategy        : JMX is enabled
2022-08-13 13:18:01.073  INFO 12281 --- [           main] o.a.camel.component.http4.HttpComponent  : Created ClientConnectionManager org.apache.http.impl.conn.PoolingHttpClientConnectionManager@79ba0285
2022-08-13 13:18:01.169  INFO 12281 --- [           main] o.a.camel.spring.SpringCamelContext      : StreamCaching is not in use. If using streams then its recommended to enable stream caching. See more details at http://camel.apache.org/stream-caching.html
2022-08-13 13:18:01.174  INFO 12281 --- [           main] o.a.camel.component.file.FileEndpoint    : Endpoint is configured with noop=true so forcing endpoint to be idempotent as well
2022-08-13 13:18:01.174  INFO 12281 --- [           main] o.a.camel.component.file.FileEndpoint    : Using default memory based idempotent repository with cache max size: 1000
2022-08-13 13:18:01.309  INFO 12281 --- [           main] o.a.camel.spring.SpringCamelContext      : Route: air-purifier-configuration-route started and consuming from: file://../resources/data?fileName=config.csv&amp;noop=true
2022-08-13 13:18:01.311  INFO 12281 --- [           main] o.a.camel.spring.SpringCamelContext      : Route: route1 started and consuming from: direct://logReturnCode
2022-08-13 13:18:01.311  INFO 12281 --- [           main] o.a.camel.spring.SpringCamelContext      : Total 2 routes, of which 2 are started
2022-08-13 13:18:01.312  INFO 12281 --- [           main] o.a.camel.spring.SpringCamelContext      : Apache Camel 2.23.2.fuse-7_10_0-00020-redhat-00001 (CamelContext: camel-1) started in 0.730 seconds
2022-08-13 13:18:02.247  INFO 12281 --- [           main] o.a.camel.impl.DefaultShutdownStrategy   : Starting to graceful shutdown 1 routes (timeout 10 seconds)
2022-08-13 13:18:02.250  INFO 12281 --- [ - ShutdownTask] o.a.camel.impl.DefaultShutdownStrategy   : Route: air-purifier-configuration-route shutdown complete, was consuming from: file://../resources/data?fileName=config.csv&amp;noop=true
2022-08-13 13:18:02.251  INFO 12281 --- [           main] o.a.camel.impl.DefaultShutdownStrategy   : Graceful shutdown of 1 routes completed in 0 seconds
2022-08-13 13:18:02.252  INFO 12281 --- [           main] o.a.camel.spring.SpringCamelContext      : Route: air-purifier-configuration-route is stopped, was consuming from: file://../resources/data?fileName=config.csv&amp;noop=true
2022-08-13 13:18:02.253  INFO 12281 --- [           main] o.a.camel.spring.SpringCamelContext      : Route: air-purifier-configuration-route is shutdown and removed, was consuming from: file://../resources/data?fileName=config.csv&amp;noop=true
2022-08-13 13:18:02.254  INFO 12281 --- [           main] org.apache.camel.model.RouteDefinition   : AdviceWith route after: Route(air-purifier-configuration-route)[[From[file:../resources/data?noop=true&amp;fileName=config.csv]] -&gt; [OnException[[java.lang.Exception] -&gt; []], InterceptSendToEndpoint[direct:logReturnCode -&gt; [To[direct:output]]], Unmarshal[org.apache.camel.model.dataformat.BindyDataFormat@25d23478], Split[simple{${body}} -&gt; [RemoveHeaders[CamelHttp*], SetHeader[CamelHttpMethod, constant{POST}], SetHeader[Content-Type, constant{text/plain}], To[http4://localhost:8081/commands], SetBody[simple{Simple: ${header.CamelHttpResponseCode}}], To[direct:logReturnCode]]]]]
2022-08-13 13:18:02.398  INFO 12281 --- [           main] org.apache.camel.model.RouteDefinition   : Adviced route before/after as XML:
&lt;?xml version=&quot;1.0&quot; encoding=&quot;UTF-8&quot; standalone=&quot;yes&quot;?&gt;
&lt;route xmlns=&quot;http://camel.apache.org/schema/spring&quot; customId=&quot;true&quot; id=&quot;air-purifier-configuration-route&quot;&gt;
        
    &lt;from uri=&quot;file:../resources/data?noop=true&amp;amp;fileName=config.csv&quot;/&gt;
        
    &lt;onException&gt;
                
        &lt;exception&gt;java.lang.Exception&lt;/exception&gt;
            
    &lt;/onException&gt;
        
    &lt;unmarshal id=&quot;unmarshal1&quot;&gt;
                
        &lt;bindy type=&quot;Csv&quot;/&gt;
            
    &lt;/unmarshal&gt;
        
    &lt;split id=&quot;split1&quot;&gt;
                
        &lt;simple&gt;${body}&lt;/simple&gt;
                
        &lt;removeHeaders id=&quot;removeHeaders1&quot; pattern=&quot;CamelHttp*&quot;/&gt;
                
        &lt;setHeader headerName=&quot;CamelHttpMethod&quot; id=&quot;setHeader1&quot;&gt;
                        
            &lt;constant&gt;POST&lt;/constant&gt;
                    
        &lt;/setHeader&gt;
                
        &lt;setHeader headerName=&quot;Content-Type&quot; id=&quot;setHeader2&quot;&gt;
                        
            &lt;constant&gt;text/plain&lt;/constant&gt;
                    
        &lt;/setHeader&gt;
                
        &lt;to id=&quot;to1&quot; uri=&quot;http4://localhost:8081/commands&quot;/&gt;
                
        &lt;setBody id=&quot;setBody1&quot;&gt;
                        
            &lt;simple&gt;${header.CamelHttpResponseCode}&lt;/simple&gt;
                    
        &lt;/setBody&gt;
                
        &lt;to id=&quot;to2&quot; uri=&quot;direct:logReturnCode&quot;/&gt;
            
    &lt;/split&gt;
    
&lt;/route&gt;

&lt;?xml version=&quot;1.0&quot; encoding=&quot;UTF-8&quot; standalone=&quot;yes&quot;?&gt;
&lt;route xmlns=&quot;http://camel.apache.org/schema/spring&quot; customId=&quot;true&quot; id=&quot;air-purifier-configuration-route&quot;&gt;
        
    &lt;from uri=&quot;file:../resources/data?noop=true&amp;amp;fileName=config.csv&quot;/&gt;
        
    &lt;onException&gt;
                
        &lt;exception&gt;java.lang.Exception&lt;/exception&gt;
            
    &lt;/onException&gt;
        
    &lt;interceptSendToEndpoint skipSendToOriginalEndpoint=&quot;true&quot; uri=&quot;direct:logReturnCode&quot;&gt;
                
        &lt;to uri=&quot;direct:output&quot;/&gt;
            
    &lt;/interceptSendToEndpoint&gt;
        
    &lt;unmarshal id=&quot;unmarshal1&quot;&gt;
                
        &lt;bindy type=&quot;Csv&quot;/&gt;
            
    &lt;/unmarshal&gt;
        
    &lt;split id=&quot;split1&quot;&gt;
                
        &lt;simple&gt;${body}&lt;/simple&gt;
                
        &lt;removeHeaders id=&quot;removeHeaders1&quot; pattern=&quot;CamelHttp*&quot;/&gt;
                
        &lt;setHeader headerName=&quot;CamelHttpMethod&quot; id=&quot;setHeader1&quot;&gt;
                        
            &lt;constant&gt;POST&lt;/constant&gt;
                    
        &lt;/setHeader&gt;
                
        &lt;setHeader headerName=&quot;Content-Type&quot; id=&quot;setHeader2&quot;&gt;
                        
            &lt;constant&gt;text/plain&lt;/constant&gt;
                    
        &lt;/setHeader&gt;
                
        &lt;to id=&quot;to1&quot; uri=&quot;http4://localhost:8081/commands&quot;/&gt;
                
        &lt;setBody id=&quot;setBody1&quot;&gt;
                        
            &lt;simple&gt;${header.CamelHttpResponseCode}&lt;/simple&gt;
                    
        &lt;/setBody&gt;
                
        &lt;to id=&quot;to2&quot; uri=&quot;direct:logReturnCode&quot;/&gt;
            
    &lt;/split&gt;
    
&lt;/route&gt;

2022-08-13 13:18:02.408  INFO 12281 --- [           main] o.a.camel.component.http4.HttpComponent  : Created ClientConnectionManager org.apache.http.impl.conn.PoolingHttpClientConnectionManager@4a3383dc
2022-08-13 13:18:02.412  INFO 12281 --- [           main] o.a.camel.component.file.FileEndpoint    : Endpoint is configured with noop=true so forcing endpoint to be idempotent as well
2022-08-13 13:18:02.413  INFO 12281 --- [           main] o.a.camel.component.file.FileEndpoint    : Using default memory based idempotent repository with cache max size: 1000
2022-08-13 13:18:02.464  INFO 12281 --- [           main] o.a.camel.spring.SpringCamelContext      : Route: air-purifier-configuration-route started and consuming from: file://../resources/data?fileName=config.csv&amp;noop=true
2022-08-13 13:18:02.465  INFO 12281 --- [           main] o.a.camel.spring.SpringCamelContext      : Route: air-purifier-configuration-route started and consuming from: file://../resources/data?fileName=config.csv&amp;noop=true
2022-08-13 13:18:03.565  INFO 12281 --- [           main] r.t.CommandConfigurationRouteBuilderTest : ********************************************************************************
2022-08-13 13:18:03.565  INFO 12281 --- [           main] r.t.CommandConfigurationRouteBuilderTest : Testing done: testRoute(com.redhat.training.CommandConfigurationRouteBuilderTest)
2022-08-13 13:18:03.566  INFO 12281 --- [           main] r.t.CommandConfigurationRouteBuilderTest : Took: 2.253 seconds (2253 millis)
2022-08-13 13:18:03.566  INFO 12281 --- [           main] r.t.CommandConfigurationRouteBuilderTest : ********************************************************************************
2022-08-13 13:18:03.566  INFO 12281 --- [           main] a.c.t.s.CamelSpringBootExecutionListener : @RunWith(CamelSpringBootRunner.class) after: class com.redhat.training.CommandConfigurationRouteBuilderTest.testRoute
</system-out>
  </testcase>
</testsuite>